# JRE version: Java(TM) SE Runtime Environment (8.0_45-b14) (build 1.8.0_45-b14)
# Java VM: Java HotSpot(TM) 64-Bit Server VM (25.45-b02 mixed mode windows-amd64 compressed oops)
Heap:
 PSYoungGen      total 65024K, used 62464K [0x00000000eab00000, 0x00000000f2b00000, 0x0000000100000000)
  eden space 62464K, 100% used [0x00000000eab00000,0x00000000ee800000,0x00000000ee800000)
  from space 2560K, 0% used [0x00000000eeb00000,0x00000000eeb00000,0x00000000eed80000)
  to   space 34304K, 0% used [0x00000000f0980000,0x00000000f0980000,0x00000000f2b00000)
 ParOldGen       total 261120K, used 260974K [0x00000000c0000000, 0x00000000cff00000, 0x00000000eab00000)
  object space 261120K, 99% used [0x00000000c0000000,0x00000000cfedba08,0x00000000cff00000)
 Metaspace       used 6087K, capacity 7088K, committed 7296K, reserved 1056768K
  class space    used 582K, capacity 616K, committed 640K, reserved 1048576K
GC Heap History (10 events):
Event: 38.592 GC heap after
Heap after GC invocations=61 (full 22):
 PSYoungGen      total 65024K, used 0K [0x00000000eab00000, 0x00000000f2b00000, 0x0000000100000000)
  eden space 62464K, 0% used [0x00000000eab00000,0x00000000eab00000,0x00000000ee800000)
  from space 2560K, 0% used [0x00000000eeb00000,0x00000000eeb00000,0x00000000eed80000)
  to   space 34304K, 0% used [0x00000000f0980000,0x00000000f0980000,0x00000000f2b00000)
 ParOldGen       total 261120K, used 253907K [0x00000000c0000000, 0x00000000cff00000, 0x00000000eab00000)
  object space 261120K, 97% used [0x00000000c0000000,0x00000000cf7f4e60,0x00000000cff00000)
 Metaspace       used 6083K, capacity 7088K, committed 7296K, reserved 1056768K
  class space    used 582K, capacity 616K, committed 640K, reserved 1048576K
}
Event: 38.706 GC heap before
{Heap before GC invocations=62 (full 23):
 PSYoungGen      total 65024K, used 62464K [0x00000000eab00000, 0x00000000f2b00000, 0x0000000100000000)
  eden space 62464K, 100% used [0x00000000eab00000,0x00000000ee800000,0x00000000ee800000)
  from space 2560K, 0% used [0x00000000eeb00000,0x00000000eeb00000,0x00000000eed80000)
  to   space 34304K, 0% used [0x00000000f0980000,0x00000000f0980000,0x00000000f2b00000)
 ParOldGen       total 261120K, used 253907K [0x00000000c0000000, 0x00000000cff00000, 0x00000000eab00000)
  object space 261120K, 97% used [0x00000000c0000000,0x00000000cf7f4e60,0x00000000cff00000)
 Metaspace       used 6083K, capacity 7088K, committed 7296K, reserved 1056768K
  class space    used 582K, capacity 616K, committed 640K, reserved 1048576K
Event: 39.359 GC heap after
Heap after GC invocations=62 (full 23):
 PSYoungGen      total 65024K, used 0K [0x00000000eab00000, 0x00000000f2b00000, 0x0000000100000000)
  eden space 62464K, 0% used [0x00000000eab00000,0x00000000eab00000,0x00000000ee800000)
  from space 2560K, 0% used [0x00000000eeb00000,0x00000000eeb00000,0x00000000eed80000)
  to   space 34304K, 0% used [0x00000000f0980000,0x00000000f0980000,0x00000000f2b00000)
 ParOldGen       total 261120K, used 256188K [0x00000000c0000000, 0x00000000cff00000, 0x00000000eab00000)
  object space 261120K, 98% used [0x00000000c0000000,0x00000000cfa2f310,0x00000000cff00000)
 Metaspace       used 6083K, capacity 7088K, committed 7296K, reserved 1056768K
  class space    used 582K, capacity 616K, committed 640K, reserved 1048576K
}
Event: 39.444 GC heap before
{Heap before GC invocations=63 (full 24):
 PSYoungGen      total 65024K, used 62464K [0x00000000eab00000, 0x00000000f2b00000, 0x0000000100000000)
  eden space 62464K, 100% used [0x00000000eab00000,0x00000000ee800000,0x00000000ee800000)
  from space 2560K, 0% used [0x00000000eeb00000,0x00000000eeb00000,0x00000000eed80000)
  to   space 34304K, 0% used [0x00000000f0980000,0x00000000f0980000,0x00000000f2b00000)
 ParOldGen       total 261120K, used 256188K [0x00000000c0000000, 0x00000000cff00000, 0x00000000eab00000)
  object space 261120K, 98% used [0x00000000c0000000,0x00000000cfa2f310,0x00000000cff00000)
 Metaspace       used 6085K, capacity 7088K, committed 7296K, reserved 1056768K
  class space    used 582K, capacity 616K, committed 640K, reserved 1048576K
Event: 42.303 GC heap after
Heap after GC invocations=63 (full 24):
 PSYoungGen      total 65024K, used 5984K [0x00000000eab00000, 0x00000000f2b00000, 0x0000000100000000)
  eden space 62464K, 9% used [0x00000000eab00000,0x00000000eb0d8310,0x00000000ee800000)
  from space 2560K, 0% used [0x00000000eeb00000,0x00000000eeb00000,0x00000000eed80000)
  to   space 34304K, 0% used [0x00000000f0980000,0x00000000f0980000,0x00000000f2b00000)
 ParOldGen       total 261120K, used 261005K [0x00000000c0000000, 0x00000000cff00000, 0x00000000eab00000)
  object space 261120K, 99% used [0x00000000c0000000,0x00000000cfee3630,0x00000000cff00000)
 Metaspace       used 6085K, capacity 7088K, committed 7296K, reserved 1056768K
  class space    used 582K, capacity 616K, committed 640K, reserved 1048576K
}
Event: 42.407 GC heap before
{Heap before GC invocations=64 (full 25):
 PSYoungGen      total 65024K, used 62464K [0x00000000eab00000, 0x00000000f2b00000, 0x0000000100000000)
  eden space 62464K, 100% used [0x00000000eab00000,0x00000000ee800000,0x00000000ee800000)
  from space 2560K, 0% used [0x00000000eeb00000,0x00000000eeb00000,0x00000000eed80000)
  to   space 34304K, 0% used [0x00000000f0980000,0x00000000f0980000,0x00000000f2b00000)
 ParOldGen       total 261120K, used 261005K [0x00000000c0000000, 0x00000000cff00000, 0x00000000eab00000)
  object space 261120K, 99% used [0x00000000c0000000,0x00000000cfee3630,0x00000000cff00000)
 Metaspace       used 6086K, capacity 7088K, committed 7296K, reserved 1056768K
  class space    used 582K, capacity 616K, committed 640K, reserved 1048576K
Event: 43.059 GC heap after
Heap after GC invocations=64 (full 25):
 PSYoungGen      total 65024K, used 6073K [0x00000000eab00000, 0x00000000f2b00000, 0x0000000100000000)
  eden space 62464K, 9% used [0x00000000eab00000,0x00000000eb0ee588,0x00000000ee800000)
  from space 2560K, 0% used [0x00000000eeb00000,0x00000000eeb00000,0x00000000eed80000)
  to   space 34304K, 0% used [0x00000000f0980000,0x00000000f0980000,0x00000000f2b00000)
 ParOldGen       total 261120K, used 260999K [0x00000000c0000000, 0x00000000cff00000, 0x00000000eab00000)
  object space 261120K, 99% used [0x00000000c0000000,0x00000000cfee1d08,0x00000000cff00000)
 Metaspace       used 6086K, capacity 7088K, committed 7296K, reserved 1056768K
  class space    used 582K, capacity 616K, committed 640K, reserved 1048576K
}
Event: 43.153 GC heap before
{Heap before GC invocations=65 (full 26):
 PSYoungGen      total 65024K, used 62464K [0x00000000eab00000, 0x00000000f2b00000, 0x0000000100000000)
  eden space 62464K, 100% used [0x00000000eab00000,0x00000000ee800000,0x00000000ee800000)
  from space 2560K, 0% used [0x00000000eeb00000,0x00000000eeb00000,0x00000000eed80000)
  to   space 34304K, 0% used [0x00000000f0980000,0x00000000f0980000,0x00000000f2b00000)
 ParOldGen       total 261120K, used 260999K [0x00000000c0000000, 0x00000000cff00000, 0x00000000eab00000)
  object space 261120K, 99% used [0x00000000c0000000,0x00000000cfee1d08,0x00000000cff00000)
 Metaspace       used 6086K, capacity 7088K, committed 7296K, reserved 1056768K
  class space    used 582K, capacity 616K, committed 640K, reserved 1048576K
Event: 43.776 GC heap after
Heap after GC invocations=65 (full 26):
 PSYoungGen      total 65024K, used 18155K [0x00000000eab00000, 0x00000000f2b00000, 0x0000000100000000)
  eden space 62464K, 29% used [0x00000000eab00000,0x00000000ebcbace0,0x00000000ee800000)
  from space 2560K, 0% used [0x00000000eeb00000,0x00000000eeb00000,0x00000000eed80000)
  to   space 34304K, 0% used [0x00000000f0980000,0x00000000f0980000,0x00000000f2b00000)
 ParOldGen       total 261120K, used 260960K [0x00000000c0000000, 0x00000000cff00000, 0x00000000eab00000)
  object space 261120K, 99% used [0x00000000c0000000,0x00000000cfed81b8,0x00000000cff00000)
 Metaspace       used 6086K, capacity 7088K, committed 7296K, reserved 1056768K
  class space    used 582K, capacity 616K, committed 640K, reserved 1048576K
}
Event: 43.888 GC heap before
{Heap before GC invocations=66 (full 27):
 PSYoungGen      total 65024K, used 62464K [0x00000000eab00000, 0x00000000f2b00000, 0x0000000100000000)
  eden space 62464K, 100% used [0x00000000eab00000,0x00000000ee800000,0x00000000ee800000)
  from space 2560K, 0% used [0x00000000eeb00000,0x00000000eeb00000,0x00000000eed80000)
  to   space 34304K, 0% used [0x00000000f0980000,0x00000000f0980000,0x00000000f2b00000)
 ParOldGen       total 261120K, used 260960K [0x00000000c0000000, 0x00000000cff00000, 0x00000000eab00000)
  object space 261120K, 99% used [0x00000000c0000000,0x00000000cfed81b8,0x00000000cff00000)
 Metaspace       used 6086K, capacity 7088K, committed 7296K, reserved 1056768K
  class space    used 582K, capacity 616K, committed 640K, reserved 1048576K

