# JRE version: Java(TM) SE Runtime Environment (8.0_45-b14) (build 1.8.0_45-b14)
# Java VM: Java HotSpot(TM) 64-Bit Server VM (25.45-b02 mixed mode windows-amd64 compressed oops)
Heap:
 PSYoungGen      total 18944K, used 16384K [0x00000000eab00000, 0x00000000ed800000, 0x0000000100000000)
  eden space 16384K, 100% used [0x00000000eab00000,0x00000000ebb00000,0x00000000ebb00000)
  from space 2560K, 0% used [0x00000000ebb00000,0x00000000ebb00000,0x00000000ebd80000)
  to   space 7168K, 0% used [0x00000000ed100000,0x00000000ed100000,0x00000000ed800000)
 ParOldGen       total 16896K, used 16590K [0x00000000c0000000, 0x00000000c1080000, 0x00000000eab00000)
  object space 16896K, 98% used [0x00000000c0000000,0x00000000c10338b0,0x00000000c1080000)
 Metaspace       used 6312K, capacity 7152K, committed 7296K, reserved 1060864K
  class space    used 592K, capacity 616K, committed 640K, reserved 1048576K
GC Heap History (10 events):
Event: 11.684 GC heap before
{Heap before GC invocations=2 (full 1):
 PSYoungGen      total 18944K, used 592K [0x00000000eab00000, 0x00000000ec000000, 0x0000000100000000)
  eden space 16384K, 0% used [0x00000000eab00000,0x00000000eab00000,0x00000000ebb00000)
  from space 2560K, 23% used [0x00000000ebb00000,0x00000000ebb94010,0x00000000ebd80000)
  to   space 2560K, 0% used [0x00000000ebd80000,0x00000000ebd80000,0x00000000ec000000)
 ParOldGen       total 44032K, used 8K [0x00000000c0000000, 0x00000000c2b00000, 0x00000000eab00000)
  object space 44032K, 0% used [0x00000000c0000000,0x00000000c0002000,0x00000000c2b00000)
 Metaspace       used 2813K, capacity 4482K, committed 4608K, reserved 1062912K
  class space    used 303K, capacity 386K, committed 512K, reserved 1048576K
Event: 11.721 GC heap after
Heap after GC invocations=2 (full 1):
 PSYoungGen      total 18944K, used 0K [0x00000000eab00000, 0x00000000ec000000, 0x0000000100000000)
  eden space 16384K, 0% used [0x00000000eab00000,0x00000000eab00000,0x00000000ebb00000)
  from space 2560K, 0% used [0x00000000ebb00000,0x00000000ebb00000,0x00000000ebd80000)
  to   space 2560K, 0% used [0x00000000ebd80000,0x00000000ebd80000,0x00000000ec000000)
 ParOldGen       total 16896K, used 455K [0x00000000c0000000, 0x00000000c1080000, 0x00000000eab00000)
  object space 16896K, 2% used [0x00000000c0000000,0x00000000c0071e10,0x00000000c1080000)
 Metaspace       used 2813K, capacity 4482K, committed 4608K, reserved 1058816K
  class space    used 303K, capacity 386K, committed 512K, reserved 1048576K
}
Event: 18.404 GC heap before
{Heap before GC invocations=3 (full 1):
 PSYoungGen      total 18944K, used 16384K [0x00000000eab00000, 0x00000000ec000000, 0x0000000100000000)
  eden space 16384K, 100% used [0x00000000eab00000,0x00000000ebb00000,0x00000000ebb00000)
  from space 2560K, 0% used [0x00000000ebb00000,0x00000000ebb00000,0x00000000ebd80000)
  to   space 2560K, 0% used [0x00000000ebd80000,0x00000000ebd80000,0x00000000ec000000)
 ParOldGen       total 16896K, used 455K [0x00000000c0000000, 0x00000000c1080000, 0x00000000eab00000)
  object space 16896K, 2% used [0x00000000c0000000,0x00000000c0071e10,0x00000000c1080000)
 Metaspace       used 3924K, capacity 5104K, committed 5376K, reserved 1058816K
  class space    used 434K, capacity 488K, committed 512K, reserved 1048576K
Event: 18.408 GC heap after
Heap after GC invocations=3 (full 1):
 PSYoungGen      total 18944K, used 1064K [0x00000000eab00000, 0x00000000ec000000, 0x0000000100000000)
  eden space 16384K, 0% used [0x00000000eab00000,0x00000000eab00000,0x00000000ebb00000)
  from space 2560K, 41% used [0x00000000ebd80000,0x00000000ebe8a3c8,0x00000000ec000000)
  to   space 2560K, 0% used [0x00000000ebb00000,0x00000000ebb00000,0x00000000ebd80000)
 ParOldGen       total 16896K, used 463K [0x00000000c0000000, 0x00000000c1080000, 0x00000000eab00000)
  object space 16896K, 2% used [0x00000000c0000000,0x00000000c0073e10,0x00000000c1080000)
 Metaspace       used 3924K, capacity 5104K, committed 5376K, reserved 1058816K
  class space    used 434K, capacity 488K, committed 512K, reserved 1048576K
}
Event: 33.655 GC heap before
{Heap before GC invocations=4 (full 1):
 PSYoungGen      total 18944K, used 17448K [0x00000000eab00000, 0x00000000ec000000, 0x0000000100000000)
  eden space 16384K, 100% used [0x00000000eab00000,0x00000000ebb00000,0x00000000ebb00000)
  from space 2560K, 41% used [0x00000000ebd80000,0x00000000ebe8a3c8,0x00000000ec000000)
  to   space 2560K, 0% used [0x00000000ebb00000,0x00000000ebb00000,0x00000000ebd80000)
 ParOldGen       total 16896K, used 463K [0x00000000c0000000, 0x00000000c1080000, 0x00000000eab00000)
  object space 16896K, 2% used [0x00000000c0000000,0x00000000c0073e10,0x00000000c1080000)
 Metaspace       used 5949K, capacity 6896K, committed 7040K, reserved 1060864K
  class space    used 590K, capacity 616K, committed 640K, reserved 1048576K
Event: 33.757 GC heap after
Heap after GC invocations=4 (full 1):
 PSYoungGen      total 18944K, used 2541K [0x00000000eab00000, 0x00000000ec000000, 0x0000000100000000)
  eden space 16384K, 0% used [0x00000000eab00000,0x00000000eab00000,0x00000000ebb00000)
  from space 2560K, 99% used [0x00000000ebb00000,0x00000000ebd7b5c8,0x00000000ebd80000)
  to   space 2560K, 0% used [0x00000000ebd80000,0x00000000ebd80000,0x00000000ec000000)
 ParOldGen       total 16896K, used 2066K [0x00000000c0000000, 0x00000000c1080000, 0x00000000eab00000)
  object space 16896K, 12% used [0x00000000c0000000,0x00000000c0204948,0x00000000c1080000)
 Metaspace       used 5949K, capacity 6896K, committed 7040K, reserved 1060864K
  class space    used 590K, capacity 616K, committed 640K, reserved 1048576K
}
Event: 35.031 GC heap before
{Heap before GC invocations=5 (full 1):
 PSYoungGen      total 18944K, used 18925K [0x00000000eab00000, 0x00000000ec000000, 0x0000000100000000)
  eden space 16384K, 100% used [0x00000000eab00000,0x00000000ebb00000,0x00000000ebb00000)
  from space 2560K, 99% used [0x00000000ebb00000,0x00000000ebd7b5c8,0x00000000ebd80000)
  to   space 2560K, 0% used [0x00000000ebd80000,0x00000000ebd80000,0x00000000ec000000)
 ParOldGen       total 16896K, used 2066K [0x00000000c0000000, 0x00000000c1080000, 0x00000000eab00000)
  object space 16896K, 12% used [0x00000000c0000000,0x00000000c0204948,0x00000000c1080000)
 Metaspace       used 6093K, capacity 7024K, committed 7296K, reserved 1060864K
  class space    used 591K, capacity 616K, committed 640K, reserved 1048576K
Event: 35.138 GC heap after
Heap after GC invocations=5 (full 1):
 PSYoungGen      total 18944K, used 2544K [0x00000000eab00000, 0x00000000ece00000, 0x0000000100000000)
  eden space 16384K, 0% used [0x00000000eab00000,0x00000000eab00000,0x00000000ebb00000)
  from space 2560K, 99% used [0x00000000ebd80000,0x00000000ebffc098,0x00000000ec000000)
  to   space 2560K, 0% used [0x00000000ebb00000,0x00000000ebb00000,0x00000000ebd80000)
 ParOldGen       total 16896K, used 4798K [0x00000000c0000000, 0x00000000c1080000, 0x00000000eab00000)
  object space 16896K, 28% used [0x00000000c0000000,0x00000000c04af898,0x00000000c1080000)
 Metaspace       used 6093K, capacity 7024K, committed 7296K, reserved 1060864K
  class space    used 591K, capacity 616K, committed 640K, reserved 1048576K
}
Event: 36.357 GC heap before
{Heap before GC invocations=6 (full 1):
 PSYoungGen      total 18944K, used 18928K [0x00000000eab00000, 0x00000000ece00000, 0x0000000100000000)
  eden space 16384K, 100% used [0x00000000eab00000,0x00000000ebb00000,0x00000000ebb00000)
  from space 2560K, 99% used [0x00000000ebd80000,0x00000000ebffc098,0x00000000ec000000)
  to   space 2560K, 0% used [0x00000000ebb00000,0x00000000ebb00000,0x00000000ebd80000)
 ParOldGen       total 16896K, used 4798K [0x00000000c0000000, 0x00000000c1080000, 0x00000000eab00000)
  object space 16896K, 28% used [0x00000000c0000000,0x00000000c04af898,0x00000000c1080000)
 Metaspace       used 6121K, capacity 7024K, committed 7296K, reserved 1060864K
  class space    used 591K, capacity 616K, committed 640K, reserved 1048576K
Event: 36.599 GC heap after
Heap after GC invocations=6 (full 1):
 PSYoungGen      total 18944K, used 2548K [0x00000000eab00000, 0x00000000ed800000, 0x0000000100000000)
  eden space 16384K, 0% used [0x00000000eab00000,0x00000000eab00000,0x00000000ebb00000)
  from space 2560K, 99% used [0x00000000ebb00000,0x00000000ebd7d300,0x00000000ebd80000)
  to   space 7168K, 0% used [0x00000000ed100000,0x00000000ed100000,0x00000000ed800000)
 ParOldGen       total 16896K, used 7034K [0x00000000c0000000, 0x00000000c1080000, 0x00000000eab00000)
  object space 16896K, 41% used [0x00000000c0000000,0x00000000c06de900,0x00000000c1080000)
 Metaspace       used 6121K, capacity 7024K, committed 7296K, reserved 1060864K
  class space    used 591K, capacity 616K, committed 640K, reserved 1048576K
}

