# JRE version: Java(TM) SE Runtime Environment (8.0_45-b14) (build 1.8.0_45-b14)
# Java VM: Java HotSpot(TM) 64-Bit Server VM (25.45-b02 mixed mode windows-amd64 compressed oops)
Heap:
 PSYoungGen      total 165376K, used 103842K [0x00000000eab00000, 0x00000000fa600000, 0x0000000100000000)
  eden space 119296K, 87% used [0x00000000eab00000,0x00000000f1068988,0x00000000f1f80000)
  from space 46080K, 0% used [0x00000000f1f80000,0x00000000f1f80000,0x00000000f4c80000)
  to   space 50176K, 0% used [0x00000000f7500000,0x00000000f7500000,0x00000000fa600000)
 ParOldGen       total 83968K, used 83664K [0x00000000c0000000, 0x00000000c5200000, 0x00000000eab00000)
  object space 83968K, 99% used [0x00000000c0000000,0x00000000c51b40a0,0x00000000c5200000)
 Metaspace       used 5968K, capacity 6960K, committed 7040K, reserved 1056768K
  class space    used 581K, capacity 616K, committed 640K, reserved 1048576K
GC Heap History (10 events):
Event: 43.621 GC heap before
{Heap before GC invocations=13 (full 2):
 PSYoungGen      total 157184K, used 157182K [0x00000000eab00000, 0x00000000f9680000, 0x0000000100000000)
  eden space 119296K, 100% used [0x00000000eab00000,0x00000000f1f80000,0x00000000f1f80000)
  from space 37888K, 99% used [0x00000000f4c80000,0x00000000f717f880,0x00000000f7180000)
  to   space 46080K, 0% used [0x00000000f1f80000,0x00000000f1f80000,0x00000000f4c80000)
 ParOldGen       total 83968K, used 45629K [0x00000000c0000000, 0x00000000c5200000, 0x00000000eab00000)
  object space 83968K, 54% used [0x00000000c0000000,0x00000000c2c8f608,0x00000000c5200000)
 Metaspace       used 5868K, capacity 6864K, committed 7040K, reserved 1056768K
  class space    used 572K, capacity 584K, committed 640K, reserved 1048576K
Event: 43.694 GC heap after
Heap after GC invocations=13 (full 2):
 PSYoungGen      total 165376K, used 38178K [0x00000000eab00000, 0x00000000fa600000, 0x0000000100000000)
  eden space 119296K, 0% used [0x00000000eab00000,0x00000000eab00000,0x00000000f1f80000)
  from space 46080K, 82% used [0x00000000f1f80000,0x00000000f44c8a18,0x00000000f4c80000)
  to   space 50176K, 0% used [0x00000000f7500000,0x00000000f7500000,0x00000000fa600000)
 ParOldGen       total 83968K, used 62872K [0x00000000c0000000, 0x00000000c5200000, 0x00000000eab00000)
  object space 83968K, 74% used [0x00000000c0000000,0x00000000c3d66298,0x00000000c5200000)
 Metaspace       used 5868K, capacity 6864K, committed 7040K, reserved 1056768K
  class space    used 572K, capacity 584K, committed 640K, reserved 1048576K
}
Event: 43.694 GC heap before
{Heap before GC invocations=14 (full 3):
 PSYoungGen      total 165376K, used 38178K [0x00000000eab00000, 0x00000000fa600000, 0x0000000100000000)
  eden space 119296K, 0% used [0x00000000eab00000,0x00000000eab00000,0x00000000f1f80000)
  from space 46080K, 82% used [0x00000000f1f80000,0x00000000f44c8a18,0x00000000f4c80000)
  to   space 50176K, 0% used [0x00000000f7500000,0x00000000f7500000,0x00000000fa600000)
 ParOldGen       total 83968K, used 62872K [0x00000000c0000000, 0x00000000c5200000, 0x00000000eab00000)
  object space 83968K, 74% used [0x00000000c0000000,0x00000000c3d66298,0x00000000c5200000)
 Metaspace       used 5868K, capacity 6864K, committed 7040K, reserved 1056768K
  class space    used 572K, capacity 584K, committed 640K, reserved 1048576K
Event: 44.281 GC heap after
Heap after GC invocations=14 (full 3):
 PSYoungGen      total 165376K, used 0K [0x00000000eab00000, 0x00000000fa600000, 0x0000000100000000)
  eden space 119296K, 0% used [0x00000000eab00000,0x00000000eab00000,0x00000000f1f80000)
  from space 46080K, 0% used [0x00000000f1f80000,0x00000000f1f80000,0x00000000f4c80000)
  to   space 50176K, 0% used [0x00000000f7500000,0x00000000f7500000,0x00000000fa600000)
 ParOldGen       total 83968K, used 68833K [0x00000000c0000000, 0x00000000c5200000, 0x00000000eab00000)
  object space 83968K, 81% used [0x00000000c0000000,0x00000000c4338610,0x00000000c5200000)
 Metaspace       used 5868K, capacity 6864K, committed 7040K, reserved 1056768K
  class space    used 572K, capacity 584K, committed 640K, reserved 1048576K
}
Event: 45.240 GC heap before
{Heap before GC invocations=15 (full 4):
 PSYoungGen      total 165376K, used 119296K [0x00000000eab00000, 0x00000000fa600000, 0x0000000100000000)
  eden space 119296K, 100% used [0x00000000eab00000,0x00000000f1f80000,0x00000000f1f80000)
  from space 46080K, 0% used [0x00000000f1f80000,0x00000000f1f80000,0x00000000f4c80000)
  to   space 50176K, 0% used [0x00000000f7500000,0x00000000f7500000,0x00000000fa600000)
 ParOldGen       total 83968K, used 68833K [0x00000000c0000000, 0x00000000c5200000, 0x00000000eab00000)
  object space 83968K, 81% used [0x00000000c0000000,0x00000000c4338610,0x00000000c5200000)
 Metaspace       used 5871K, capacity 6864K, committed 7040K, reserved 1056768K
  class space    used 572K, capacity 584K, committed 640K, reserved 1048576K
Event: 45.558 GC heap after
Heap after GC invocations=15 (full 4):
 PSYoungGen      total 165376K, used 0K [0x00000000eab00000, 0x00000000fa600000, 0x0000000100000000)
  eden space 119296K, 0% used [0x00000000eab00000,0x00000000eab00000,0x00000000f1f80000)
  from space 46080K, 0% used [0x00000000f1f80000,0x00000000f1f80000,0x00000000f4c80000)
  to   space 50176K, 0% used [0x00000000f7500000,0x00000000f7500000,0x00000000fa600000)
 ParOldGen       total 83968K, used 71149K [0x00000000c0000000, 0x00000000c5200000, 0x00000000eab00000)
  object space 83968K, 84% used [0x00000000c0000000,0x00000000c457b578,0x00000000c5200000)
 Metaspace       used 5871K, capacity 6864K, committed 7040K, reserved 1056768K
  class space    used 572K, capacity 584K, committed 640K, reserved 1048576K
}
Event: 47.087 GC heap before
{Heap before GC invocations=16 (full 5):
 PSYoungGen      total 165376K, used 119296K [0x00000000eab00000, 0x00000000fa600000, 0x0000000100000000)
  eden space 119296K, 100% used [0x00000000eab00000,0x00000000f1f80000,0x00000000f1f80000)
  from space 46080K, 0% used [0x00000000f1f80000,0x00000000f1f80000,0x00000000f4c80000)
  to   space 50176K, 0% used [0x00000000f7500000,0x00000000f7500000,0x00000000fa600000)
 ParOldGen       total 83968K, used 71149K [0x00000000c0000000, 0x00000000c5200000, 0x00000000eab00000)
  object space 83968K, 84% used [0x00000000c0000000,0x00000000c457b578,0x00000000c5200000)
 Metaspace       used 5945K, capacity 6960K, committed 7040K, reserved 1056768K
  class space    used 581K, capacity 616K, committed 640K, reserved 1048576K
Event: 47.811 GC heap after
Heap after GC invocations=16 (full 5):
 PSYoungGen      total 165376K, used 0K [0x00000000eab00000, 0x00000000fa600000, 0x0000000100000000)
  eden space 119296K, 0% used [0x00000000eab00000,0x00000000eab00000,0x00000000f1f80000)
  from space 46080K, 0% used [0x00000000f1f80000,0x00000000f1f80000,0x00000000f4c80000)
  to   space 50176K, 0% used [0x00000000f7500000,0x00000000f7500000,0x00000000fa600000)
 ParOldGen       total 83968K, used 81882K [0x00000000c0000000, 0x00000000c5200000, 0x00000000eab00000)
  object space 83968K, 97% used [0x00000000c0000000,0x00000000c4ff68f0,0x00000000c5200000)
 Metaspace       used 5945K, capacity 6960K, committed 7040K, reserved 1056768K
  class space    used 581K, capacity 616K, committed 640K, reserved 1048576K
}
Event: 48.953 GC heap before
{Heap before GC invocations=17 (full 6):
 PSYoungGen      total 165376K, used 119296K [0x00000000eab00000, 0x00000000fa600000, 0x0000000100000000)
  eden space 119296K, 100% used [0x00000000eab00000,0x00000000f1f80000,0x00000000f1f80000)
  from space 46080K, 0% used [0x00000000f1f80000,0x00000000f1f80000,0x00000000f4c80000)
  to   space 50176K, 0% used [0x00000000f7500000,0x00000000f7500000,0x00000000fa600000)
 ParOldGen       total 83968K, used 81882K [0x00000000c0000000, 0x00000000c5200000, 0x00000000eab00000)
  object space 83968K, 97% used [0x00000000c0000000,0x00000000c4ff68f0,0x00000000c5200000)
 Metaspace       used 5949K, capacity 6960K, committed 7040K, reserved 1056768K
  class space    used 581K, capacity 616K, committed 640K, reserved 1048576K
Event: 51.456 GC heap after
Heap after GC invocations=17 (full 6):
 PSYoungGen      total 165376K, used 8095K [0x00000000eab00000, 0x00000000fa600000, 0x0000000100000000)
  eden space 119296K, 6% used [0x00000000eab00000,0x00000000eb2e7c78,0x00000000f1f80000)
  from space 46080K, 0% used [0x00000000f1f80000,0x00000000f1f80000,0x00000000f4c80000)
  to   space 50176K, 0% used [0x00000000f7500000,0x00000000f7500000,0x00000000fa600000)
 ParOldGen       total 83968K, used 83664K [0x00000000c0000000, 0x00000000c5200000, 0x00000000eab00000)
  object space 83968K, 99% used [0x00000000c0000000,0x00000000c51b40a0,0x00000000c5200000)
 Metaspace       used 5949K, capacity 6960K, committed 7040K, reserved 1056768K
  class space    used 581K, capacity 616K, committed 640K, reserved 1048576K
}

