# JRE version: Java(TM) SE Runtime Environment (8.0_45-b14) (build 1.8.0_45-b14)
# Java VM: Java HotSpot(TM) 64-Bit Server VM (25.45-b02 mixed mode windows-amd64 compressed oops)
Heap:
 PSYoungGen      total 23040K, used 3285K [0x00000000eab00000, 0x00000000ef500000, 0x0000000100000000)
  eden space 20480K, 16% used [0x00000000eab00000,0x00000000eae35448,0x00000000ebf00000)
  from space 2560K, 0% used [0x00000000ec900000,0x00000000ec900000,0x00000000ecb80000)
  to   space 10240K, 0% used [0x00000000ebf00000,0x00000000ebf00000,0x00000000ec900000)
 ParOldGen       total 16896K, used 12492K [0x00000000c0000000, 0x00000000c1080000, 0x00000000eab00000)
  object space 16896K, 73% used [0x00000000c0000000,0x00000000c0c330d0,0x00000000c1080000)
 Metaspace       used 6915K, capacity 7608K, committed 7936K, reserved 1060864K
  class space    used 646K, capacity 688K, committed 768K, reserved 1048576K
GC Heap History (10 events):
Event: 30.580 GC heap after
Heap after GC invocations=4 (full 1):
 PSYoungGen      total 18944K, used 2554K [0x00000000eab00000, 0x00000000ecb80000, 0x0000000100000000)
  eden space 16384K, 0% used [0x00000000eab00000,0x00000000eab00000,0x00000000ebb00000)
  from space 2560K, 99% used [0x00000000ebb00000,0x00000000ebd7eaa8,0x00000000ebd80000)
  to   space 2560K, 0% used [0x00000000ec900000,0x00000000ec900000,0x00000000ecb80000)
 ParOldGen       total 16896K, used 3606K [0x00000000c0000000, 0x00000000c1080000, 0x00000000eab00000)
  object space 16896K, 21% used [0x00000000c0000000,0x00000000c0385ba8,0x00000000c1080000)
 Metaspace       used 5997K, capacity 6960K, committed 7040K, reserved 1060864K
  class space    used 590K, capacity 616K, committed 640K, reserved 1048576K
}
Event: 31.369 GC heap before
{Heap before GC invocations=5 (full 1):
 PSYoungGen      total 18944K, used 18938K [0x00000000eab00000, 0x00000000ecb80000, 0x0000000100000000)
  eden space 16384K, 100% used [0x00000000eab00000,0x00000000ebb00000,0x00000000ebb00000)
  from space 2560K, 99% used [0x00000000ebb00000,0x00000000ebd7eaa8,0x00000000ebd80000)
  to   space 2560K, 0% used [0x00000000ec900000,0x00000000ec900000,0x00000000ecb80000)
 ParOldGen       total 16896K, used 3606K [0x00000000c0000000, 0x00000000c1080000, 0x00000000eab00000)
  object space 16896K, 21% used [0x00000000c0000000,0x00000000c0385ba8,0x00000000c1080000)
 Metaspace       used 6081K, capacity 7024K, committed 7296K, reserved 1060864K
  class space    used 591K, capacity 616K, committed 640K, reserved 1048576K
Event: 31.594 GC heap after
Heap after GC invocations=5 (full 1):
 PSYoungGen      total 30720K, used 2528K [0x00000000eab00000, 0x00000000ecf00000, 0x0000000100000000)
  eden space 28160K, 0% used [0x00000000eab00000,0x00000000eab00000,0x00000000ec680000)
  from space 2560K, 98% used [0x00000000ec900000,0x00000000ecb78018,0x00000000ecb80000)
  to   space 2560K, 0% used [0x00000000ec680000,0x00000000ec680000,0x00000000ec900000)
 ParOldGen       total 16896K, used 6150K [0x00000000c0000000, 0x00000000c1080000, 0x00000000eab00000)
  object space 16896K, 36% used [0x00000000c0000000,0x00000000c0601ae8,0x00000000c1080000)
 Metaspace       used 6081K, capacity 7024K, committed 7296K, reserved 1060864K
  class space    used 591K, capacity 616K, committed 640K, reserved 1048576K
}
Event: 33.759 GC heap before
{Heap before GC invocations=6 (full 1):
 PSYoungGen      total 30720K, used 30688K [0x00000000eab00000, 0x00000000ecf00000, 0x0000000100000000)
  eden space 28160K, 100% used [0x00000000eab00000,0x00000000ec680000,0x00000000ec680000)
  from space 2560K, 98% used [0x00000000ec900000,0x00000000ecb78018,0x00000000ecb80000)
  to   space 2560K, 0% used [0x00000000ec680000,0x00000000ec680000,0x00000000ec900000)
 ParOldGen       total 16896K, used 6150K [0x00000000c0000000, 0x00000000c1080000, 0x00000000eab00000)
  object space 16896K, 36% used [0x00000000c0000000,0x00000000c0601ae8,0x00000000c1080000)
 Metaspace       used 6179K, capacity 7088K, committed 7296K, reserved 1060864K
  class space    used 591K, capacity 616K, committed 640K, reserved 1048576K
Event: 34.785 GC heap after
Heap after GC invocations=6 (full 1):
 PSYoungGen      total 30720K, used 2534K [0x00000000eab00000, 0x00000000ecf00000, 0x0000000100000000)
  eden space 28160K, 0% used [0x00000000eab00000,0x00000000eab00000,0x00000000ec680000)
  from space 2560K, 98% used [0x00000000ec680000,0x00000000ec8f9938,0x00000000ec900000)
  to   space 2560K, 0% used [0x00000000ec900000,0x00000000ec900000,0x00000000ecb80000)
 ParOldGen       total 16896K, used 10914K [0x00000000c0000000, 0x00000000c1080000, 0x00000000eab00000)
  object space 16896K, 64% used [0x00000000c0000000,0x00000000c0aa8bc8,0x00000000c1080000)
 Metaspace       used 6179K, capacity 7088K, committed 7296K, reserved 1060864K
  class space    used 591K, capacity 616K, committed 640K, reserved 1048576K
}
Event: 36.381 GC heap before
{Heap before GC invocations=7 (full 1):
 PSYoungGen      total 30720K, used 30694K [0x00000000eab00000, 0x00000000ecf00000, 0x0000000100000000)
  eden space 28160K, 100% used [0x00000000eab00000,0x00000000ec680000,0x00000000ec680000)
  from space 2560K, 98% used [0x00000000ec680000,0x00000000ec8f9938,0x00000000ec900000)
  to   space 2560K, 0% used [0x00000000ec900000,0x00000000ec900000,0x00000000ecb80000)
 ParOldGen       total 16896K, used 10914K [0x00000000c0000000, 0x00000000c1080000, 0x00000000eab00000)
  object space 16896K, 64% used [0x00000000c0000000,0x00000000c0aa8bc8,0x00000000c1080000)
 Metaspace       used 6217K, capacity 7152K, committed 7296K, reserved 1060864K
  class space    used 592K, capacity 616K, committed 640K, reserved 1048576K
Event: 36.484 GC heap after
Heap after GC invocations=7 (full 1):
 PSYoungGen      total 23040K, used 2546K [0x00000000eab00000, 0x00000000ef500000, 0x0000000100000000)
  eden space 20480K, 0% used [0x00000000eab00000,0x00000000eab00000,0x00000000ebf00000)
  from space 2560K, 99% used [0x00000000ec900000,0x00000000ecb7cb08,0x00000000ecb80000)
  to   space 10240K, 0% used [0x00000000ebf00000,0x00000000ebf00000,0x00000000ec900000)
 ParOldGen       total 16896K, used 15336K [0x00000000c0000000, 0x00000000c1080000, 0x00000000eab00000)
  object space 16896K, 90% used [0x00000000c0000000,0x00000000c0efa188,0x00000000c1080000)
 Metaspace       used 6217K, capacity 7152K, committed 7296K, reserved 1060864K
  class space    used 592K, capacity 616K, committed 640K, reserved 1048576K
}
Event: 36.484 GC heap before
{Heap before GC invocations=8 (full 2):
 PSYoungGen      total 23040K, used 2546K [0x00000000eab00000, 0x00000000ef500000, 0x0000000100000000)
  eden space 20480K, 0% used [0x00000000eab00000,0x00000000eab00000,0x00000000ebf00000)
  from space 2560K, 99% used [0x00000000ec900000,0x00000000ecb7cb08,0x00000000ecb80000)
  to   space 10240K, 0% used [0x00000000ebf00000,0x00000000ebf00000,0x00000000ec900000)
 ParOldGen       total 16896K, used 15336K [0x00000000c0000000, 0x00000000c1080000, 0x00000000eab00000)
  object space 16896K, 90% used [0x00000000c0000000,0x00000000c0efa188,0x00000000c1080000)
 Metaspace       used 6217K, capacity 7152K, committed 7296K, reserved 1060864K
  class space    used 592K, capacity 616K, committed 640K, reserved 1048576K
Event: 36.900 GC heap after
Heap after GC invocations=8 (full 2):
 PSYoungGen      total 23040K, used 0K [0x00000000eab00000, 0x00000000ef500000, 0x0000000100000000)
  eden space 20480K, 0% used [0x00000000eab00000,0x00000000eab00000,0x00000000ebf00000)
  from space 2560K, 0% used [0x00000000ec900000,0x00000000ec900000,0x00000000ecb80000)
  to   space 10240K, 0% used [0x00000000ebf00000,0x00000000ebf00000,0x00000000ec900000)
 ParOldGen       total 16896K, used 15682K [0x00000000c0000000, 0x00000000c1080000, 0x00000000eab00000)
  object space 16896K, 92% used [0x00000000c0000000,0x00000000c0f50ab8,0x00000000c1080000)
 Metaspace       used 6217K, capacity 7152K, committed 7296K, reserved 1060864K
  class space    used 592K, capacity 616K, committed 640K, reserved 1048576K
}
Event: 37.005 GC heap before
{Heap before GC invocations=9 (full 3):
 PSYoungGen      total 23040K, used 20480K [0x00000000eab00000, 0x00000000ef500000, 0x0000000100000000)
  eden space 20480K, 100% used [0x00000000eab00000,0x00000000ebf00000,0x00000000ebf00000)
  from space 2560K, 0% used [0x00000000ec900000,0x00000000ec900000,0x00000000ecb80000)
  to   space 10240K, 0% used [0x00000000ebf00000,0x00000000ebf00000,0x00000000ec900000)
 ParOldGen       total 16896K, used 15682K [0x00000000c0000000, 0x00000000c1080000, 0x00000000eab00000)
  object space 16896K, 92% used [0x00000000c0000000,0x00000000c0f50ab8,0x00000000c1080000)
 Metaspace       used 6223K, capacity 7152K, committed 7296K, reserved 1060864K
  class space    used 592K, capacity 616K, committed 640K, reserved 1048576K

