# JRE version: Java(TM) SE Runtime Environment (8.0_45-b14) (build 1.8.0_45-b14)
# Java VM: Java HotSpot(TM) 64-Bit Server VM (25.45-b02 mixed mode windows-amd64 compressed oops)
Heap:
 PSYoungGen      total 30720K, used 18698K [0x00000000eab00000, 0x00000000ecf00000, 0x0000000100000000)
  eden space 28160K, 66% used [0x00000000eab00000,0x00000000ebd42860,0x00000000ec680000)
  from space 2560K, 0% used [0x00000000ec900000,0x00000000ec900000,0x00000000ecb80000)
  to   space 2560K, 0% used [0x00000000ec680000,0x00000000ec680000,0x00000000ec900000)
 ParOldGen       total 16896K, used 15398K [0x00000000c0000000, 0x00000000c1080000, 0x00000000eab00000)
  object space 16896K, 91% used [0x00000000c0000000,0x00000000c0f09808,0x00000000c1080000)
 Metaspace       used 6985K, capacity 7608K, committed 7936K, reserved 1060864K
  class space    used 647K, capacity 688K, committed 768K, reserved 1048576K
GC Heap History (10 events):
Event: 31.093 GC heap before
{Heap before GC invocations=4 (full 1):
 PSYoungGen      total 18944K, used 18941K [0x00000000eab00000, 0x00000000ec000000, 0x0000000100000000)
  eden space 16384K, 100% used [0x00000000eab00000,0x00000000ebb00000,0x00000000ebb00000)
  from space 2560K, 99% used [0x00000000ebd80000,0x00000000ebfff638,0x00000000ec000000)
  to   space 2560K, 0% used [0x00000000ebb00000,0x00000000ebb00000,0x00000000ebd80000)
 ParOldGen       total 16896K, used 931K [0x00000000c0000000, 0x00000000c1080000, 0x00000000eab00000)
  object space 16896K, 5% used [0x00000000c0000000,0x00000000c00e8f78,0x00000000c1080000)
 Metaspace       used 5996K, capacity 6896K, committed 7040K, reserved 1060864K
  class space    used 588K, capacity 616K, committed 640K, reserved 1048576K
Event: 31.171 GC heap after
Heap after GC invocations=4 (full 1):
 PSYoungGen      total 18944K, used 2538K [0x00000000eab00000, 0x00000000ecb80000, 0x0000000100000000)
  eden space 16384K, 0% used [0x00000000eab00000,0x00000000eab00000,0x00000000ebb00000)
  from space 2560K, 99% used [0x00000000ebb00000,0x00000000ebd7aab8,0x00000000ebd80000)
  to   space 2560K, 0% used [0x00000000ec900000,0x00000000ec900000,0x00000000ecb80000)
 ParOldGen       total 16896K, used 2464K [0x00000000c0000000, 0x00000000c1080000, 0x00000000eab00000)
  object space 16896K, 14% used [0x00000000c0000000,0x00000000c02681b0,0x00000000c1080000)
 Metaspace       used 5996K, capacity 6896K, committed 7040K, reserved 1060864K
  class space    used 588K, capacity 616K, committed 640K, reserved 1048576K
}
Event: 31.795 GC heap before
{Heap before GC invocations=5 (full 1):
 PSYoungGen      total 18944K, used 18922K [0x00000000eab00000, 0x00000000ecb80000, 0x0000000100000000)
  eden space 16384K, 100% used [0x00000000eab00000,0x00000000ebb00000,0x00000000ebb00000)
  from space 2560K, 99% used [0x00000000ebb00000,0x00000000ebd7aab8,0x00000000ebd80000)
  to   space 2560K, 0% used [0x00000000ec900000,0x00000000ec900000,0x00000000ecb80000)
 ParOldGen       total 16896K, used 2464K [0x00000000c0000000, 0x00000000c1080000, 0x00000000eab00000)
  object space 16896K, 14% used [0x00000000c0000000,0x00000000c02681b0,0x00000000c1080000)
 Metaspace       used 6146K, capacity 7024K, committed 7296K, reserved 1060864K
  class space    used 593K, capacity 616K, committed 640K, reserved 1048576K
Event: 31.964 GC heap after
Heap after GC invocations=5 (full 1):
 PSYoungGen      total 30720K, used 2528K [0x00000000eab00000, 0x00000000ecf00000, 0x0000000100000000)
  eden space 28160K, 0% used [0x00000000eab00000,0x00000000eab00000,0x00000000ec680000)
  from space 2560K, 98% used [0x00000000ec900000,0x00000000ecb78010,0x00000000ecb80000)
  to   space 2560K, 0% used [0x00000000ec680000,0x00000000ec680000,0x00000000ec900000)
 ParOldGen       total 16896K, used 4657K [0x00000000c0000000, 0x00000000c1080000, 0x00000000eab00000)
  object space 16896K, 27% used [0x00000000c0000000,0x00000000c048c650,0x00000000c1080000)
 Metaspace       used 6146K, capacity 7024K, committed 7296K, reserved 1060864K
  class space    used 593K, capacity 616K, committed 640K, reserved 1048576K
}
Event: 34.892 GC heap before
{Heap before GC invocations=6 (full 1):
 PSYoungGen      total 30720K, used 30688K [0x00000000eab00000, 0x00000000ecf00000, 0x0000000100000000)
  eden space 28160K, 100% used [0x00000000eab00000,0x00000000ec680000,0x00000000ec680000)
  from space 2560K, 98% used [0x00000000ec900000,0x00000000ecb78010,0x00000000ecb80000)
  to   space 2560K, 0% used [0x00000000ec680000,0x00000000ec680000,0x00000000ec900000)
 ParOldGen       total 16896K, used 4657K [0x00000000c0000000, 0x00000000c1080000, 0x00000000eab00000)
  object space 16896K, 27% used [0x00000000c0000000,0x00000000c048c650,0x00000000c1080000)
 Metaspace       used 6246K, capacity 7088K, committed 7296K, reserved 1060864K
  class space    used 594K, capacity 616K, committed 640K, reserved 1048576K
Event: 35.093 GC heap after
Heap after GC invocations=6 (full 1):
 PSYoungGen      total 30720K, used 2560K [0x00000000eab00000, 0x00000000ecf00000, 0x0000000100000000)
  eden space 28160K, 0% used [0x00000000eab00000,0x00000000eab00000,0x00000000ec680000)
  from space 2560K, 100% used [0x00000000ec680000,0x00000000ec900000,0x00000000ec900000)
  to   space 2560K, 0% used [0x00000000ec900000,0x00000000ec900000,0x00000000ecb80000)
 ParOldGen       total 16896K, used 9554K [0x00000000c0000000, 0x00000000c1080000, 0x00000000eab00000)
  object space 16896K, 56% used [0x00000000c0000000,0x00000000c0954980,0x00000000c1080000)
 Metaspace       used 6246K, capacity 7088K, committed 7296K, reserved 1060864K
  class space    used 594K, capacity 616K, committed 640K, reserved 1048576K
}
Event: 36.572 GC heap before
{Heap before GC invocations=7 (full 1):
 PSYoungGen      total 30720K, used 30720K [0x00000000eab00000, 0x00000000ecf00000, 0x0000000100000000)
  eden space 28160K, 100% used [0x00000000eab00000,0x00000000ec680000,0x00000000ec680000)
  from space 2560K, 100% used [0x00000000ec680000,0x00000000ec900000,0x00000000ec900000)
  to   space 2560K, 0% used [0x00000000ec900000,0x00000000ec900000,0x00000000ecb80000)
 ParOldGen       total 16896K, used 9554K [0x00000000c0000000, 0x00000000c1080000, 0x00000000eab00000)
  object space 16896K, 56% used [0x00000000c0000000,0x00000000c0954980,0x00000000c1080000)
 Metaspace       used 6305K, capacity 7152K, committed 7296K, reserved 1060864K
  class space    used 595K, capacity 616K, committed 640K, reserved 1048576K
Event: 36.687 GC heap after
Heap after GC invocations=7 (full 1):
 PSYoungGen      total 30720K, used 2560K [0x00000000eab00000, 0x00000000ecf00000, 0x0000000100000000)
  eden space 28160K, 0% used [0x00000000eab00000,0x00000000eab00000,0x00000000ec680000)
  from space 2560K, 100% used [0x00000000ec900000,0x00000000ecb80000,0x00000000ecb80000)
  to   space 2560K, 0% used [0x00000000ec680000,0x00000000ec680000,0x00000000ec900000)
 ParOldGen       total 16896K, used 14181K [0x00000000c0000000, 0x00000000c1080000, 0x00000000eab00000)
  object space 16896K, 83% used [0x00000000c0000000,0x00000000c0dd9758,0x00000000c1080000)
 Metaspace       used 6305K, capacity 7152K, committed 7296K, reserved 1060864K
  class space    used 595K, capacity 616K, committed 640K, reserved 1048576K
}
Event: 36.687 GC heap before
{Heap before GC invocations=8 (full 2):
 PSYoungGen      total 30720K, used 2560K [0x00000000eab00000, 0x00000000ecf00000, 0x0000000100000000)
  eden space 28160K, 0% used [0x00000000eab00000,0x00000000eab00000,0x00000000ec680000)
  from space 2560K, 100% used [0x00000000ec900000,0x00000000ecb80000,0x00000000ecb80000)
  to   space 2560K, 0% used [0x00000000ec680000,0x00000000ec680000,0x00000000ec900000)
 ParOldGen       total 16896K, used 14181K [0x00000000c0000000, 0x00000000c1080000, 0x00000000eab00000)
  object space 16896K, 83% used [0x00000000c0000000,0x00000000c0dd9758,0x00000000c1080000)
 Metaspace       used 6305K, capacity 7152K, committed 7296K, reserved 1060864K
  class space    used 595K, capacity 616K, committed 640K, reserved 1048576K
Event: 37.186 GC heap after
Heap after GC invocations=8 (full 2):
 PSYoungGen      total 30720K, used 0K [0x00000000eab00000, 0x00000000ecf00000, 0x0000000100000000)
  eden space 28160K, 0% used [0x00000000eab00000,0x00000000eab00000,0x00000000ec680000)
  from space 2560K, 0% used [0x00000000ec900000,0x00000000ec900000,0x00000000ecb80000)
  to   space 2560K, 0% used [0x00000000ec680000,0x00000000ec680000,0x00000000ec900000)
 ParOldGen       total 16896K, used 15398K [0x00000000c0000000, 0x00000000c1080000, 0x00000000eab00000)
  object space 16896K, 91% used [0x00000000c0000000,0x00000000c0f09808,0x00000000c1080000)
 Metaspace       used 6305K, capacity 7152K, committed 7296K, reserved 1060864K
  class space    used 595K, capacity 616K, committed 640K, reserved 1048576K
}

