# JRE version: Java(TM) SE Runtime Environment (8.0_45-b14) (build 1.8.0_45-b14)
# Java VM: Java HotSpot(TM) 64-Bit Server VM (25.45-b02 mixed mode windows-amd64 compressed oops)
Heap:
 PSYoungGen      total 177152K, used 153361K [0x00000000eab00000, 0x00000000ffa00000, 0x0000000100000000)
  eden space 116736K, 79% used [0x00000000eab00000,0x00000000f0603720,0x00000000f1d00000)
  from space 60416K, 99% used [0x00000000f1d00000,0x00000000f57c0e78,0x00000000f5800000)
  to   space 113152K, 0% used [0x00000000f8b80000,0x00000000f8b80000,0x00000000ffa00000)
 ParOldGen       total 699392K, used 485137K [0x00000000c0000000, 0x00000000eab00000, 0x00000000eab00000)
  object space 699392K, 69% used [0x00000000c0000000,0x00000000dd9c4470,0x00000000eab00000)
 Metaspace       used 6265K, capacity 7152K, committed 7296K, reserved 1056768K
  class space    used 599K, capacity 616K, committed 640K, reserved 1048576K
GC Heap History (10 events):
Event: 97.902 GC heap after
Heap after GC invocations=45 (full 6):
 PSYoungGen      total 174592K, used 57599K [0x00000000eab00000, 0x00000000ff780000, 0x0000000100000000)
  eden space 116736K, 0% used [0x00000000eab00000,0x00000000eab00000,0x00000000f1d00000)
  from space 57856K, 99% used [0x00000000f1d00000,0x00000000f553fc40,0x00000000f5580000)
  to   space 111104K, 0% used [0x00000000f8b00000,0x00000000f8b00000,0x00000000ff780000)
 ParOldGen       total 482304K, used 376402K [0x00000000c0000000, 0x00000000dd700000, 0x00000000eab00000)
  object space 482304K, 78% used [0x00000000c0000000,0x00000000d6f948a0,0x00000000dd700000)
 Metaspace       used 6119K, capacity 7088K, committed 7296K, reserved 1056768K
  class space    used 584K, capacity 616K, committed 640K, reserved 1048576K
}
Event: 100.155 GC heap before
{Heap before GC invocations=46 (full 6):
 PSYoungGen      total 174592K, used 174335K [0x00000000eab00000, 0x00000000ff780000, 0x0000000100000000)
  eden space 116736K, 100% used [0x00000000eab00000,0x00000000f1d00000,0x00000000f1d00000)
  from space 57856K, 99% used [0x00000000f1d00000,0x00000000f553fc40,0x00000000f5580000)
  to   space 111104K, 0% used [0x00000000f8b00000,0x00000000f8b00000,0x00000000ff780000)
 ParOldGen       total 482304K, used 376402K [0x00000000c0000000, 0x00000000dd700000, 0x00000000eab00000)
  object space 482304K, 78% used [0x00000000c0000000,0x00000000d6f948a0,0x00000000dd700000)
 Metaspace       used 6119K, capacity 7088K, committed 7296K, reserved 1056768K
  class space    used 584K, capacity 616K, committed 640K, reserved 1048576K
Event: 100.392 GC heap after
Heap after GC invocations=46 (full 6):
 PSYoungGen      total 230400K, used 66580K [0x00000000eab00000, 0x00000000fff00000, 0x0000000100000000)
  eden space 119296K, 0% used [0x00000000eab00000,0x00000000eab00000,0x00000000f1f80000)
  from space 111104K, 59% used [0x00000000f8b00000,0x00000000fcc05068,0x00000000ff780000)
  to   space 110080K, 0% used [0x00000000f1f80000,0x00000000f1f80000,0x00000000f8b00000)
 ParOldGen       total 482304K, used 376402K [0x00000000c0000000, 0x00000000dd700000, 0x00000000eab00000)
  object space 482304K, 78% used [0x00000000c0000000,0x00000000d6f948a0,0x00000000dd700000)
 Metaspace       used 6119K, capacity 7088K, committed 7296K, reserved 1056768K
  class space    used 584K, capacity 616K, committed 640K, reserved 1048576K
}
Event: 102.819 GC heap before
{Heap before GC invocations=47 (full 6):
 PSYoungGen      total 230400K, used 185876K [0x00000000eab00000, 0x00000000fff00000, 0x0000000100000000)
  eden space 119296K, 100% used [0x00000000eab00000,0x00000000f1f80000,0x00000000f1f80000)
  from space 111104K, 59% used [0x00000000f8b00000,0x00000000fcc05068,0x00000000ff780000)
  to   space 110080K, 0% used [0x00000000f1f80000,0x00000000f1f80000,0x00000000f8b00000)
 ParOldGen       total 482304K, used 376402K [0x00000000c0000000, 0x00000000dd700000, 0x00000000eab00000)
  object space 482304K, 78% used [0x00000000c0000000,0x00000000d6f948a0,0x00000000dd700000)
 Metaspace       used 6119K, capacity 7088K, committed 7296K, reserved 1056768K
  class space    used 584K, capacity 616K, committed 640K, reserved 1048576K
Event: 103.096 GC heap after
Heap after GC invocations=47 (full 6):
 PSYoungGen      total 229376K, used 76657K [0x00000000eab00000, 0x0000000100000000, 0x0000000100000000)
  eden space 119296K, 0% used [0x00000000eab00000,0x00000000eab00000,0x00000000f1f80000)
  from space 110080K, 69% used [0x00000000f1f80000,0x00000000f6a5c7c8,0x00000000f8b00000)
  to   space 112640K, 0% used [0x00000000f9200000,0x00000000f9200000,0x0000000100000000)
 ParOldGen       total 482304K, used 376402K [0x00000000c0000000, 0x00000000dd700000, 0x00000000eab00000)
  object space 482304K, 78% used [0x00000000c0000000,0x00000000d6f948a0,0x00000000dd700000)
 Metaspace       used 6119K, capacity 7088K, committed 7296K, reserved 1056768K
  class space    used 584K, capacity 616K, committed 640K, reserved 1048576K
}
Event: 104.382 GC heap before
{Heap before GC invocations=48 (full 6):
 PSYoungGen      total 229376K, used 195953K [0x00000000eab00000, 0x0000000100000000, 0x0000000100000000)
  eden space 119296K, 100% used [0x00000000eab00000,0x00000000f1f80000,0x00000000f1f80000)
  from space 110080K, 69% used [0x00000000f1f80000,0x00000000f6a5c7c8,0x00000000f8b00000)
  to   space 112640K, 0% used [0x00000000f9200000,0x00000000f9200000,0x0000000100000000)
 ParOldGen       total 482304K, used 376402K [0x00000000c0000000, 0x00000000dd700000, 0x00000000eab00000)
  object space 482304K, 78% used [0x00000000c0000000,0x00000000d6f948a0,0x00000000dd700000)
 Metaspace       used 6119K, capacity 7088K, committed 7296K, reserved 1056768K
  class space    used 584K, capacity 616K, committed 640K, reserved 1048576K
Event: 104.677 GC heap after
Heap after GC invocations=48 (full 6):
 PSYoungGen      total 229376K, used 87338K [0x00000000eab00000, 0x0000000100000000, 0x0000000100000000)
  eden space 116736K, 0% used [0x00000000eab00000,0x00000000eab00000,0x00000000f1d00000)
  from space 112640K, 77% used [0x00000000f9200000,0x00000000fe74a9f0,0x0000000100000000)
  to   space 116224K, 0% used [0x00000000f1d00000,0x00000000f1d00000,0x00000000f8e80000)
 ParOldGen       total 482304K, used 376402K [0x00000000c0000000, 0x00000000dd700000, 0x00000000eab00000)
  object space 482304K, 78% used [0x00000000c0000000,0x00000000d6f948a0,0x00000000dd700000)
 Metaspace       used 6119K, capacity 7088K, committed 7296K, reserved 1056768K
  class space    used 584K, capacity 616K, committed 640K, reserved 1048576K
}
Event: 105.195 GC heap before
{Heap before GC invocations=49 (full 6):
 PSYoungGen      total 229376K, used 204074K [0x00000000eab00000, 0x0000000100000000, 0x0000000100000000)
  eden space 116736K, 100% used [0x00000000eab00000,0x00000000f1d00000,0x00000000f1d00000)
  from space 112640K, 77% used [0x00000000f9200000,0x00000000fe74a9f0,0x0000000100000000)
  to   space 116224K, 0% used [0x00000000f1d00000,0x00000000f1d00000,0x00000000f8e80000)
 ParOldGen       total 482304K, used 376402K [0x00000000c0000000, 0x00000000dd700000, 0x00000000eab00000)
  object space 482304K, 78% used [0x00000000c0000000,0x00000000d6f948a0,0x00000000dd700000)
 Metaspace       used 6121K, capacity 7088K, committed 7296K, reserved 1056768K
  class space    used 584K, capacity 616K, committed 640K, reserved 1048576K
Event: 105.521 GC heap after
Heap after GC invocations=49 (full 6):
 PSYoungGen      total 232960K, used 87641K [0x00000000eab00000, 0x0000000100000000, 0x0000000100000000)
  eden space 116736K, 0% used [0x00000000eab00000,0x00000000eab00000,0x00000000f1d00000)
  from space 116224K, 75% used [0x00000000f1d00000,0x00000000f7296650,0x00000000f8e80000)
  to   space 116224K, 0% used [0x00000000f8e80000,0x00000000f8e80000,0x0000000100000000)
 ParOldGen       total 482304K, used 396012K [0x00000000c0000000, 0x00000000dd700000, 0x00000000eab00000)
  object space 482304K, 82% used [0x00000000c0000000,0x00000000d82bb2e0,0x00000000dd700000)
 Metaspace       used 6121K, capacity 7088K, committed 7296K, reserved 1056768K
  class space    used 584K, capacity 616K, committed 640K, reserved 1048576K
}
Event: 105.855 GC heap before
{Heap before GC invocations=50 (full 6):
 PSYoungGen      total 232960K, used 204377K [0x00000000eab00000, 0x0000000100000000, 0x0000000100000000)
  eden space 116736K, 100% used [0x00000000eab00000,0x00000000f1d00000,0x00000000f1d00000)
  from space 116224K, 75% used [0x00000000f1d00000,0x00000000f7296650,0x00000000f8e80000)
  to   space 116224K, 0% used [0x00000000f8e80000,0x00000000f8e80000,0x0000000100000000)
 ParOldGen       total 482304K, used 396012K [0x00000000c0000000, 0x00000000dd700000, 0x00000000eab00000)
  object space 482304K, 82% used [0x00000000c0000000,0x00000000d82bb2e0,0x00000000dd700000)
 Metaspace       used 6121K, capacity 7088K, committed 7296K, reserved 1056768K
  class space    used 584K, capacity 616K, committed 640K, reserved 1048576K

